  Animation.cpp
  Enemy.cpp
C:\Users\frank\Desktop\UOC\Prog. Grafica\PAC2\game\src\Entities\Animation.cpp(11,25): warning C4244: '=': conversion from 'double' to 'float', possible loss of data
C:\Users\frank\Desktop\UOC\Prog. Grafica\PAC2\game\src\Entities\Animation.cpp(21,25): warning C4244: '=': conversion from 'double' to 'float', possible loss of data
C:\Users\frank\Desktop\UOC\Prog. Grafica\PAC2\game\src\Entities\Animation.cpp(34,61): warning C4838: conversion from 'int' to 'float' requires a narrowing conversion
C:\Users\frank\Desktop\UOC\Prog. Grafica\PAC2\game\src\Entities\Animation.cpp(34,61): warning C4244: 'initializing': conversion from 'int' to 'float', possible loss of data
C:\Users\frank\Desktop\UOC\Prog. Grafica\PAC2\game\src\Entities\Animation.cpp(48,26): warning C4244: '=': conversion from 'double' to 'float', possible loss of data
C:\Users\frank\Desktop\UOC\Prog. Grafica\PAC2\game\src\Headers\Enemy.h(6,90): warning C4091: 'typedef ': ignored on left of 'EnemyType' when no variable is declared
  (compiling source file '../game/src/Entities/Enemy.cpp')
  
C:\Users\frank\Desktop\UOC\Prog. Grafica\PAC2\game\src\Entities\Enemy.cpp(26,19): warning C4244: '=': conversion from 'int' to 'float', possible loss of data
C:\Users\frank\Desktop\UOC\Prog. Grafica\PAC2\game\src\Entities\Enemy.cpp(27,20): warning C4244: '=': conversion from 'int' to 'float', possible loss of data
C:\Users\frank\Desktop\UOC\Prog. Grafica\PAC2\game\src\Entities\Enemy.cpp(33,26): warning C4244: '=': conversion from 'int' to 'float', possible loss of data
C:\Users\frank\Desktop\UOC\Prog. Grafica\PAC2\game\src\Entities\Enemy.cpp(34,20): warning C4244: '=': conversion from 'int' to 'float', possible loss of data
C:\Users\frank\Desktop\UOC\Prog. Grafica\PAC2\game\src\Entities\Enemy.cpp(40,19): warning C4244: '=': conversion from 'int' to 'float', possible loss of data
C:\Users\frank\Desktop\UOC\Prog. Grafica\PAC2\game\src\Entities\Enemy.cpp(41,20): warning C4244: '=': conversion from 'int' to 'float', possible loss of data
C:\Users\frank\Desktop\UOC\Prog. Grafica\PAC2\game\src\Entities\Enemy.cpp(47,19): warning C4244: '=': conversion from 'int' to 'float', possible loss of data
C:\Users\frank\Desktop\UOC\Prog. Grafica\PAC2\game\src\Entities\Enemy.cpp(48,20): warning C4244: '=': conversion from 'int' to 'float', possible loss of data
C:\Users\frank\Desktop\UOC\Prog. Grafica\PAC2\game\src\Entities\Enemy.cpp(54,26): warning C4244: '=': conversion from 'int' to 'float', possible loss of data
C:\Users\frank\Desktop\UOC\Prog. Grafica\PAC2\game\src\Entities\Enemy.cpp(55,20): warning C4244: '=': conversion from 'int' to 'float', possible loss of data
  Item.cpp
C:\Users\frank\Desktop\UOC\Prog. Grafica\PAC2\game\src\Entities\Item.cpp(18,73): warning C4244: 'argument': conversion from 'float' to 'int', possible loss of data
C:\Users\frank\Desktop\UOC\Prog. Grafica\PAC2\game\src\Entities\Item.cpp(18,38): warning C4244: 'argument': conversion from 'float' to 'int', possible loss of data
  Player.cpp
C:\Users\frank\Desktop\UOC\Prog. Grafica\PAC2\game\src\Headers\Enemy.h(6,90): warning C4091: 'typedef ': ignored on left of 'EnemyType' when no variable is declared
  (compiling source file '../game/src/Entities/Player.cpp')
  
C:\Users\frank\Desktop\UOC\Prog. Grafica\PAC2\game\src\Entities\Player.cpp(39,27): warning C4244: '=': conversion from 'int' to 'float', possible loss of data
C:\Users\frank\Desktop\UOC\Prog. Grafica\PAC2\game\src\Entities\Player.cpp(40,21): warning C4244: '=': conversion from 'int' to 'float', possible loss of data
C:\Users\frank\Desktop\UOC\Prog. Grafica\PAC2\game\src\Entities\Player.cpp(355,35): warning C4244: '=': conversion from 'int' to 'float', possible loss of data
C:\Users\frank\Desktop\UOC\Prog. Grafica\PAC2\game\src\Entities\Player.cpp(359,35): warning C4244: '=': conversion from 'int' to 'float', possible loss of data
C:\Users\frank\Desktop\UOC\Prog. Grafica\PAC2\game\src\Entities\Player.cpp(394,39): warning C4838: conversion from 'int' to 'float' requires a narrowing conversion
C:\Users\frank\Desktop\UOC\Prog. Grafica\PAC2\game\src\Entities\Player.cpp(394,39): warning C4244: 'initializing': conversion from 'int' to 'float', possible loss of data
  Scenario.cpp
C:\Users\frank\Desktop\UOC\Prog. Grafica\PAC2\game\src\Headers\Enemy.h(6,90): warning C4091: 'typedef ': ignored on left of 'EnemyType' when no variable is declared
  (compiling source file '../game/src/Entities/Scenario.cpp')
  
C:\Users\frank\Desktop\UOC\Prog. Grafica\PAC2\game\src\Entities\Scenario.cpp(65,79): warning C4244: 'argument': conversion from 'float' to 'int', possible loss of data
C:\Users\frank\Desktop\UOC\Prog. Grafica\PAC2\game\src\Entities\Scenario.cpp(65,60): warning C4244: 'argument': conversion from 'float' to 'int', possible loss of data
C:\Users\frank\Desktop\UOC\Prog. Grafica\PAC2\game\src\Entities\Scenario.cpp(65,45): warning C4244: 'argument': conversion from 'float' to 'int', possible loss of data
C:\Users\frank\Desktop\UOC\Prog. Grafica\PAC2\game\src\Entities\Scenario.cpp(65,30): warning C4244: 'argument': conversion from 'float' to 'int', possible loss of data
C:\Users\frank\Desktop\UOC\Prog. Grafica\PAC2\game\src\Entities\Scenario.cpp(97,31): warning C4244: 'initializing': conversion from 'int' to 'float', possible loss of data
C:\Users\frank\Desktop\UOC\Prog. Grafica\PAC2\game\src\Entities\Scenario.cpp(98,31): warning C4244: 'initializing': conversion from 'int' to 'float', possible loss of data
C:\Users\frank\Desktop\UOC\Prog. Grafica\PAC2\game\src\Entities\Scenario.cpp(101,58): warning C4244: 'argument': conversion from 'float' to 'int', possible loss of data
C:\Users\frank\Desktop\UOC\Prog. Grafica\PAC2\game\src\Entities\Scenario.cpp(101,37): warning C4244: 'argument': conversion from 'float' to 'int', possible loss of data
C:\Users\frank\Desktop\UOC\Prog. Grafica\PAC2\game\src\Entities\Scenario.cpp(147,62): warning C4244: '=': conversion from 'int' to 'float', possible loss of data
C:\Users\frank\Desktop\UOC\Prog. Grafica\PAC2\game\src\Entities\Scenario.cpp(158,64): warning C4244: '=': conversion from 'int' to 'float', possible loss of data
  SoundManager.cpp
  IOHelper.cpp
  raylib_game.cpp
  screen_ending.cpp
  screen_gameplay.cpp
C:\Users\frank\Desktop\UOC\Prog. Grafica\PAC2\game\src\Headers\Enemy.h(6,90): warning C4091: 'typedef ': ignored on left of 'EnemyType' when no variable is declared
  (compiling source file '../game/src/screen_gameplay.cpp')
  
C:\Users\frank\Desktop\UOC\Prog. Grafica\PAC2\game\src\screen_gameplay.cpp(156,15): warning C4244: 'argument': conversion from 'time_t' to 'unsigned int', possible loss of data
  screen_logo.cpp
  screen_options.cpp
  screen_title.cpp
  Generating Code...
  PAC1_Grafica.vcxproj -> C:\Users\frank\Desktop\UOC\Prog. Grafica\PAC2\_bin\Release\PAC2_Grafica.exe
